Using pre-set license

 COMMAND LINE ARGUMENTS:
/Applications/Unity/Hub/Editor/2020.3.5f1/Unity.app/Contents/MacOS/Unity
-adb2
-batchMode
-noUpm
-name
AssetImportWorker0
-projectPath
/Users/alphabravo/UnityProjects/LSW Programming Interview
-logFile
Logs/AssetImportWorker0.log
-srvPort
49700
Successfully changed project path to: /Users/alphabravo/UnityProjects/LSW Programming Interview
/Users/alphabravo/UnityProjects/LSW Programming Interview
Using Asset Import Pipeline V2.
Refreshing native plugins compatible for Editor in 43.58 ms, found 2 plugins.
Preloading 0 native plugins for Editor in 0.00 ms.
Initialize engine version: 2020.3.5f1 (8095aa901b9b)
[Subsystems] Discovering subsystems at path /Applications/Unity/Hub/Editor/2020.3.5f1/Unity.app/Contents/Resources/UnitySubsystems
[Subsystems] Discovering subsystems at path /Users/alphabravo/UnityProjects/LSW Programming Interview/Assets
GfxDevice: creating device client; threaded=0
2021-06-25 04:00:05.361 Unity[2175:30112] Color LCD preferred device: Intel(R) Iris(TM) Plus Graphics 655 (low power)
2021-06-25 04:00:05.361 Unity[2175:30112] Metal devices available: 1
2021-06-25 04:00:05.361 Unity[2175:30112] 0: Intel(R) Iris(TM) Plus Graphics 655 (low power)
2021-06-25 04:00:05.362 Unity[2175:30112] Using device Intel(R) Iris(TM) Plus Graphics 655 (low power)
Initializing Metal device caps: Intel(R) Iris(TM) Plus Graphics 655
Initialize mono
Mono path[0] = '/Applications/Unity/Hub/Editor/2020.3.5f1/Unity.app/Contents/Managed'
Mono path[1] = '/Applications/Unity/Hub/Editor/2020.3.5f1/Unity.app/Contents/MonoBleedingEdge/lib/mono/unityjit'
Mono config path = '/Applications/Unity/Hub/Editor/2020.3.5f1/Unity.app/Contents/MonoBleedingEdge/etc'
Using monoOptions --debugger-agent=transport=dt_socket,embedding=1,server=y,suspend=n,address=127.0.0.1:56175
Begin MonoManager ReloadAssembly
Registering precompiled unity dll's ...
Register platform support module: /Applications/Unity/Hub/Editor/2020.3.5f1/PlaybackEngines/WebGLSupport/UnityEditor.WebGL.Extensions.dll
Register platform support module: /Applications/Unity/Hub/Editor/2020.3.5f1/Unity.app/Contents/PlaybackEngines/MacStandaloneSupport/UnityEditor.OSXStandalone.Extensions.dll
Registered in 0.004577 seconds.
Native extension for OSXStandalone target not found
Native extension for WebGL target not found
Refreshing native plugins compatible for Editor in 42.63 ms, found 2 plugins.
Preloading 0 native plugins for Editor in 0.00 ms.
Mono: successfully reloaded assembly
- Completed reload, in  6.029 seconds
Platform modules already initialized, skipping
Registering precompiled user dll's ...
Registered in 0.001859 seconds.
Begin MonoManager ReloadAssembly
Native extension for OSXStandalone target not found
Native extension for WebGL target not found
Refreshing native plugins compatible for Editor in 40.24 ms, found 2 plugins.
Preloading 0 native plugins for Editor in 0.00 ms.
Mono: successfully reloaded assembly
- Completed reload, in  1.221 seconds
Platform modules already initialized, skipping
========================================================================
Worker process is ready to serve import requests
Launching external process: /Applications/Unity/Hub/Editor/2020.3.5f1/Unity.app/Contents/Tools/UnityShaderCompiler
Launched and connected shader compiler UnityShaderCompiler after 0.06 seconds
Refreshing native plugins compatible for Editor in 0.48 ms, found 2 plugins.
Preloading 0 native plugins for Editor in 0.00 ms.
Unloading 1857 Unused Serialized files (Serialized files now loaded: 0)
System memory in use before: 153.1 MB.
System memory in use after: 153.0 MB.

Unloading 23 unused Assets to reduce memory usage. Loaded Objects now: 2301.
Total: 3.609691 ms (FindLiveObjects: 0.358143 ms CreateObjectMapping: 0.121573 ms MarkObjects: 2.995978 ms  DeleteObjects: 0.132726 ms)

========================================================================
Received Import Request.
  path: Assets/Sprites/cap.png
  artifactKey: Guid(0bee6a1a6f2044e9a8d2d575ae525015) Importer(815301076,1909f56bfc062723c751e8b465ee728b)
Start importing Assets/Sprites/cap.png using Guid(0bee6a1a6f2044e9a8d2d575ae525015) Importer(815301076,1909f56bfc062723c751e8b465ee728b)  -> (artifact id: 'fa2f5bfd560f7da803c67d3121c18b22') in 0.610411 seconds
  Import took 0.615286 seconds .

========================================================================
Received Import Request.
  Time since last request: 11.556593 seconds.
  path: Assets/Sprites/cap.png
  artifactKey: Guid(0bee6a1a6f2044e9a8d2d575ae525015) Importer(815301076,1909f56bfc062723c751e8b465ee728b)
Start importing Assets/Sprites/cap.png using Guid(0bee6a1a6f2044e9a8d2d575ae525015) Importer(815301076,1909f56bfc062723c751e8b465ee728b)  -> (artifact id: 'a826a399c0048f1e10020bbe9a9a5d21') in 0.010784 seconds
  Import took 0.018136 seconds .

========================================================================
Received Import Request.
  Time since last request: 0.007297 seconds.
  path: Assets/Sprites/cap.png
  artifactKey: Guid(0bee6a1a6f2044e9a8d2d575ae525015) Importer(815301076,1909f56bfc062723c751e8b465ee728b)
Start importing Assets/Sprites/cap.png using Guid(0bee6a1a6f2044e9a8d2d575ae525015) Importer(815301076,1909f56bfc062723c751e8b465ee728b)  -> (artifact id: 'a826a399c0048f1e10020bbe9a9a5d21') in 0.014437 seconds
  Import took 0.020191 seconds .

========================================================================
Received Import Request.
  Time since last request: 233.814487 seconds.
  path: Assets/Sprites/shirt_cap_shoe.png
  artifactKey: Guid(ce4922984e20146e3a2bafdc2cbb235e) Importer(815301076,1909f56bfc062723c751e8b465ee728b)
Start importing Assets/Sprites/shirt_cap_shoe.png using Guid(ce4922984e20146e3a2bafdc2cbb235e) Importer(815301076,1909f56bfc062723c751e8b465ee728b)  -> (artifact id: 'f2e055e541343900b2e23e7a36690308') in 0.028133 seconds
  Import took 0.033337 seconds .

========================================================================
Received Import Request.
  Time since last request: 0.003585 seconds.
  path: Assets/Sprites/shirt_cap_shoe.png
  artifactKey: Guid(ce4922984e20146e3a2bafdc2cbb235e) Importer(815301076,1909f56bfc062723c751e8b465ee728b)
Start importing Assets/Sprites/shirt_cap_shoe.png using Guid(ce4922984e20146e3a2bafdc2cbb235e) Importer(815301076,1909f56bfc062723c751e8b465ee728b)  -> (artifact id: 'f2e055e541343900b2e23e7a36690308') in 0.009081 seconds
  Import took 0.013123 seconds .

========================================================================
Received Import Request.
  Time since last request: 12.650633 seconds.
  path: Assets/Sprites/shirt_cap_shoe.png
  artifactKey: Guid(ce4922984e20146e3a2bafdc2cbb235e) Importer(815301076,1909f56bfc062723c751e8b465ee728b)
Start importing Assets/Sprites/shirt_cap_shoe.png using Guid(ce4922984e20146e3a2bafdc2cbb235e) Importer(815301076,1909f56bfc062723c751e8b465ee728b)  -> (artifact id: '13a8e76721161fbf23adee0e411b3d56') in 0.006731 seconds
  Import took 0.011117 seconds .

========================================================================
Received Import Request.
  Time since last request: 0.016818 seconds.
  path: Assets/Sprites/shirt_cap_shoe.png
  artifactKey: Guid(ce4922984e20146e3a2bafdc2cbb235e) Importer(815301076,1909f56bfc062723c751e8b465ee728b)
Start importing Assets/Sprites/shirt_cap_shoe.png using Guid(ce4922984e20146e3a2bafdc2cbb235e) Importer(815301076,1909f56bfc062723c751e8b465ee728b)  -> (artifact id: '13a8e76721161fbf23adee0e411b3d56') in 0.009326 seconds
  Import took 0.016118 seconds .

========================================================================
Received Import Request.
  Time since last request: 10.130097 seconds.
  path: Assets/Sprites/shirt_cap_shoe.png
  artifactKey: Guid(ce4922984e20146e3a2bafdc2cbb235e) Importer(815301076,1909f56bfc062723c751e8b465ee728b)
Start importing Assets/Sprites/shirt_cap_shoe.png using Guid(ce4922984e20146e3a2bafdc2cbb235e) Importer(815301076,1909f56bfc062723c751e8b465ee728b)  -> (artifact id: '5872dd8e6c3197cdf1624947340a16fa') in 0.052463 seconds
  Import took 0.056853 seconds .

========================================================================
Received Import Request.
  Time since last request: 36.829973 seconds.
  path: Assets/Scripts/Product.cs
  artifactKey: Guid(c8bbc54ecfb9f44d1aa66de2551f32b2) Importer(815301076,1909f56bfc062723c751e8b465ee728b)
Start importing Assets/Scripts/Product.cs using Guid(c8bbc54ecfb9f44d1aa66de2551f32b2) Importer(815301076,1909f56bfc062723c751e8b465ee728b)  -> (artifact id: '4993320eef6d38080ab8aa7e346d6187') in 0.490126 seconds
  Import took 0.494653 seconds .

========================================================================
Received Prepare
Registering precompiled user dll's ...
Registered in 0.001194 seconds.
Begin MonoManager ReloadAssembly
Native extension for OSXStandalone target not found
Native extension for WebGL target not found
Refreshing native plugins compatible for Editor in 0.47 ms, found 2 plugins.
Preloading 0 native plugins for Editor in 0.00 ms.
Mono: successfully reloaded assembly
- Completed reload, in  1.157 seconds
Platform modules already initialized, skipping
Refreshing native plugins compatible for Editor in 0.39 ms, found 2 plugins.
Preloading 0 native plugins for Editor in 0.00 ms.
Unloading 1839 Unused Serialized files (Serialized files now loaded: 0)
System memory in use before: 164.1 MB.
System memory in use after: 164.1 MB.

Unloading 11 unused Assets to reduce memory usage. Loaded Objects now: 2326.
Total: 2.301883 ms (FindLiveObjects: 0.282386 ms CreateObjectMapping: 0.080281 ms MarkObjects: 1.836366 ms  DeleteObjects: 0.101757 ms)

========================================================================
Received Prepare
Registering precompiled user dll's ...
Registered in 0.001042 seconds.
Begin MonoManager ReloadAssembly
Native extension for OSXStandalone target not found
Native extension for WebGL target not found
Refreshing native plugins compatible for Editor in 0.59 ms, found 2 plugins.
Preloading 0 native plugins for Editor in 0.00 ms.
Mono: successfully reloaded assembly
- Completed reload, in  1.037 seconds
Platform modules already initialized, skipping
Refreshing native plugins compatible for Editor in 0.51 ms, found 2 plugins.
Preloading 0 native plugins for Editor in 0.00 ms.
Unloading 1839 Unused Serialized files (Serialized files now loaded: 0)
System memory in use before: 164.3 MB.
System memory in use after: 164.3 MB.

Unloading 11 unused Assets to reduce memory usage. Loaded Objects now: 2330.
Total: 2.347328 ms (FindLiveObjects: 0.325891 ms CreateObjectMapping: 0.062197 ms MarkObjects: 1.851314 ms  DeleteObjects: 0.106968 ms)

========================================================================
Received Import Request.
  Time since last request: 119.998841 seconds.
  path: Assets/Scripts/Product.cs
  artifactKey: Guid(c8bbc54ecfb9f44d1aa66de2551f32b2) Importer(815301076,1909f56bfc062723c751e8b465ee728b)
Start importing Assets/Scripts/Product.cs using Guid(c8bbc54ecfb9f44d1aa66de2551f32b2) Importer(815301076,1909f56bfc062723c751e8b465ee728b)  -> (artifact id: '4b27ae905aec4108725be3e92011f6eb') in 0.010512 seconds
  Import took 0.016940 seconds .

========================================================================
Received Import Request.
  Time since last request: 205.887925 seconds.
  path: Assets/Prefabs/cap.prefab
  artifactKey: Guid(68ef40430ae314ddea650b2416b51139) Importer(815301076,1909f56bfc062723c751e8b465ee728b)
Start importing Assets/Prefabs/cap.prefab using Guid(68ef40430ae314ddea650b2416b51139) Importer(815301076,1909f56bfc062723c751e8b465ee728b)  -> (artifact id: '26f2f0a0e5e8dadbe2d0b8b81f430c45') in 0.675454 seconds
  Import took 0.680040 seconds .

========================================================================
Received Prepare
Registering precompiled user dll's ...
Registered in 0.003173 seconds.
Begin MonoManager ReloadAssembly
Native extension for OSXStandalone target not found
Native extension for WebGL target not found
Refreshing native plugins compatible for Editor in 0.46 ms, found 2 plugins.
Preloading 0 native plugins for Editor in 0.00 ms.
Mono: successfully reloaded assembly
- Completed reload, in  1.042 seconds
Platform modules already initialized, skipping
Refreshing native plugins compatible for Editor in 0.45 ms, found 2 plugins.
Preloading 0 native plugins for Editor in 0.00 ms.
Unloading 1839 Unused Serialized files (Serialized files now loaded: 0)
System memory in use before: 168.9 MB.
System memory in use after: 168.9 MB.

Unloading 11 unused Assets to reduce memory usage. Loaded Objects now: 2339.
Total: 2.300364 ms (FindLiveObjects: 0.260642 ms CreateObjectMapping: 0.084503 ms MarkObjects: 1.853540 ms  DeleteObjects: 0.100206 ms)

========================================================================
Received Import Request.
  Time since last request: 408.269790 seconds.
  path: Assets/Sprites/shirt_cap_shoe.png
  artifactKey: Guid(ce4922984e20146e3a2bafdc2cbb235e) Importer(815301076,1909f56bfc062723c751e8b465ee728b)
Start importing Assets/Sprites/shirt_cap_shoe.png using Guid(ce4922984e20146e3a2bafdc2cbb235e) Importer(815301076,1909f56bfc062723c751e8b465ee728b)  -> (artifact id: '9a9329bbd00af7749b629075489e0aab') in 0.100599 seconds
  Import took 0.105646 seconds .

========================================================================
Received Import Request.
  Time since last request: 15.363495 seconds.
  path: Assets/Sprites/shirt_cap_shoe.png
  artifactKey: Guid(ce4922984e20146e3a2bafdc2cbb235e) Importer(815301076,1909f56bfc062723c751e8b465ee728b)
Start importing Assets/Sprites/shirt_cap_shoe.png using Guid(ce4922984e20146e3a2bafdc2cbb235e) Importer(815301076,1909f56bfc062723c751e8b465ee728b)  -> (artifact id: 'dfb0317cb94da67116217003867cde9e') in 0.043766 seconds
  Import took 0.049181 seconds .

========================================================================
Received Import Request.
  Time since last request: 273.430285 seconds.
  path: Assets/Prefabs/shoe.prefab
  artifactKey: Guid(0404a9f6d18ea419b8a656da7557f0f3) Importer(815301076,1909f56bfc062723c751e8b465ee728b)
Start importing Assets/Prefabs/shoe.prefab using Guid(0404a9f6d18ea419b8a656da7557f0f3) Importer(815301076,1909f56bfc062723c751e8b465ee728b)  -> (artifact id: 'fb0aa8ea342f1b14dfca1fa14b3f6e6b') in 0.055568 seconds
  Import took 0.060605 seconds .

========================================================================
Received Import Request.
  Time since last request: 0.000432 seconds.
  path: Assets/Prefabs/cap.prefab
  artifactKey: Guid(68ef40430ae314ddea650b2416b51139) Importer(815301076,1909f56bfc062723c751e8b465ee728b)
Start importing Assets/Prefabs/cap.prefab using Guid(68ef40430ae314ddea650b2416b51139) Importer(815301076,1909f56bfc062723c751e8b465ee728b)  -> (artifact id: '9e245941474027165839ab3c59c76f82') in 0.018774 seconds
  Import took 0.024314 seconds .

========================================================================
Received Import Request.
  Time since last request: 23.708626 seconds.
  path: Assets/Prefabs/cap.prefab
  artifactKey: Guid(68ef40430ae314ddea650b2416b51139) Importer(815301076,1909f56bfc062723c751e8b465ee728b)
Start importing Assets/Prefabs/cap.prefab using Guid(68ef40430ae314ddea650b2416b51139) Importer(815301076,1909f56bfc062723c751e8b465ee728b)  -> (artifact id: '087d3012fcd2e45e190ced862a98d0f7') in 0.010014 seconds
  Import took 0.014073 seconds .

========================================================================
Received Import Request.
  Time since last request: 0.013848 seconds.
  path: Assets/Prefabs/cap.prefab
  artifactKey: Guid(68ef40430ae314ddea650b2416b51139) Importer(815301076,1909f56bfc062723c751e8b465ee728b)
Start importing Assets/Prefabs/cap.prefab using Guid(68ef40430ae314ddea650b2416b51139) Importer(815301076,1909f56bfc062723c751e8b465ee728b)  -> (artifact id: '087d3012fcd2e45e190ced862a98d0f7') in 0.012213 seconds
  Import took 0.015283 seconds .

========================================================================
Received Import Request.
  Time since last request: 0.000212 seconds.
  path: Assets/Prefabs/shoe.prefab
  artifactKey: Guid(0404a9f6d18ea419b8a656da7557f0f3) Importer(815301076,1909f56bfc062723c751e8b465ee728b)
Start importing Assets/Prefabs/shoe.prefab using Guid(0404a9f6d18ea419b8a656da7557f0f3) Importer(815301076,1909f56bfc062723c751e8b465ee728b)  -> (artifact id: '8419ab407562fbc9bd920c0b1d12bb3f') in 0.012371 seconds
  Import took 0.015632 seconds .

========================================================================
Received Import Request.
  Time since last request: 13.217108 seconds.
  path: Assets/Prefabs/cap.prefab
  artifactKey: Guid(68ef40430ae314ddea650b2416b51139) Importer(815301076,1909f56bfc062723c751e8b465ee728b)
Start importing Assets/Prefabs/cap.prefab using Guid(68ef40430ae314ddea650b2416b51139) Importer(815301076,1909f56bfc062723c751e8b465ee728b)  -> (artifact id: 'b09ba44b7a14de0c5d5db9c09a7314fa') in 0.012506 seconds
  Import took 0.016955 seconds .

========================================================================
Received Import Request.
  Time since last request: 0.026234 seconds.
  path: Assets/Prefabs/cap.prefab
  artifactKey: Guid(68ef40430ae314ddea650b2416b51139) Importer(815301076,1909f56bfc062723c751e8b465ee728b)
Start importing Assets/Prefabs/cap.prefab using Guid(68ef40430ae314ddea650b2416b51139) Importer(815301076,1909f56bfc062723c751e8b465ee728b)  -> (artifact id: 'b09ba44b7a14de0c5d5db9c09a7314fa') in 0.020101 seconds
  Import took 0.026703 seconds .

========================================================================
Received Import Request.
  Time since last request: 139.464456 seconds.
  path: ProjectSettings/TagManager.asset
  artifactKey: Guid(00000000000000003000000000000000) Importer(815301076,1909f56bfc062723c751e8b465ee728b)
Start importing ProjectSettings/TagManager.asset using Guid(00000000000000003000000000000000) Importer(815301076,1909f56bfc062723c751e8b465ee728b)  -> (artifact id: '23751c206f03a5e20fc52f808b6cb721') in 0.196715 seconds
  Import took 0.200191 seconds .

========================================================================
Received Import Request.
  Time since last request: 139.049446 seconds.
  path: Assets/Prefabs/shirt.prefab
  artifactKey: Guid(36fc9fbb600f54b049216fff3223708f) Importer(815301076,1909f56bfc062723c751e8b465ee728b)
Start importing Assets/Prefabs/shirt.prefab using Guid(36fc9fbb600f54b049216fff3223708f) Importer(815301076,1909f56bfc062723c751e8b465ee728b)  -> (artifact id: '2a05a4f5f9463b7203b282c480048ccd') in 0.021243 seconds
  Import took 0.025164 seconds .

========================================================================
Received Import Request.
  Time since last request: 0.011862 seconds.
  path: Assets/Prefabs/shirt.prefab
  artifactKey: Guid(36fc9fbb600f54b049216fff3223708f) Importer(815301076,1909f56bfc062723c751e8b465ee728b)
Start importing Assets/Prefabs/shirt.prefab using Guid(36fc9fbb600f54b049216fff3223708f) Importer(815301076,1909f56bfc062723c751e8b465ee728b)  -> (artifact id: '2a05a4f5f9463b7203b282c480048ccd') in 0.023925 seconds
  Import took 0.030337 seconds .

========================================================================
Received Prepare
Registering precompiled user dll's ...
Registered in 0.000860 seconds.
Begin MonoManager ReloadAssembly
Native extension for OSXStandalone target not found
Native extension for WebGL target not found
Refreshing native plugins compatible for Editor in 0.51 ms, found 2 plugins.
Preloading 0 native plugins for Editor in 0.00 ms.
Mono: successfully reloaded assembly
- Completed reload, in  1.080 seconds
Platform modules already initialized, skipping
Refreshing native plugins compatible for Editor in 0.45 ms, found 2 plugins.
Preloading 0 native plugins for Editor in 0.00 ms.
Unloading 1839 Unused Serialized files (Serialized files now loaded: 0)
System memory in use before: 173.6 MB.
System memory in use after: 173.7 MB.

Unloading 12 unused Assets to reduce memory usage. Loaded Objects now: 2348.
Total: 2.521934 ms (FindLiveObjects: 0.260619 ms CreateObjectMapping: 0.075730 ms MarkObjects: 2.081360 ms  DeleteObjects: 0.102864 ms)

========================================================================
Received Prepare
Registering precompiled user dll's ...
Registered in 0.001040 seconds.
Begin MonoManager ReloadAssembly
Native extension for OSXStandalone target not found
Native extension for WebGL target not found
Refreshing native plugins compatible for Editor in 0.43 ms, found 2 plugins.
Preloading 0 native plugins for Editor in 0.00 ms.
Mono: successfully reloaded assembly
- Completed reload, in  1.129 seconds
Platform modules already initialized, skipping
Refreshing native plugins compatible for Editor in 0.60 ms, found 2 plugins.
Preloading 0 native plugins for Editor in 0.00 ms.
Unloading 1839 Unused Serialized files (Serialized files now loaded: 0)
System memory in use before: 173.8 MB.
System memory in use after: 173.9 MB.

Unloading 11 unused Assets to reduce memory usage. Loaded Objects now: 2352.
Total: 4.857668 ms (FindLiveObjects: 0.603435 ms CreateObjectMapping: 0.196080 ms MarkObjects: 3.854696 ms  DeleteObjects: 0.200915 ms)

========================================================================
Received Prepare
Registering precompiled user dll's ...
Registered in 0.000684 seconds.
Begin MonoManager ReloadAssembly
Native extension for OSXStandalone target not found
Native extension for WebGL target not found
Refreshing native plugins compatible for Editor in 0.47 ms, found 2 plugins.
Preloading 0 native plugins for Editor in 0.00 ms.
Mono: successfully reloaded assembly
- Completed reload, in  1.019 seconds
Platform modules already initialized, skipping
Refreshing native plugins compatible for Editor in 0.43 ms, found 2 plugins.
Preloading 0 native plugins for Editor in 0.00 ms.
Unloading 1839 Unused Serialized files (Serialized files now loaded: 0)
System memory in use before: 174.1 MB.
System memory in use after: 174.1 MB.

Unloading 11 unused Assets to reduce memory usage. Loaded Objects now: 2356.
Total: 4.685773 ms (FindLiveObjects: 0.519131 ms CreateObjectMapping: 0.203918 ms MarkObjects: 3.780906 ms  DeleteObjects: 0.179005 ms)

========================================================================
Received Prepare
Registering precompiled user dll's ...
Registered in 0.002125 seconds.
Begin MonoManager ReloadAssembly
Native extension for OSXStandalone target not found
Native extension for WebGL target not found
Refreshing native plugins compatible for Editor in 0.57 ms, found 2 plugins.
Preloading 0 native plugins for Editor in 0.00 ms.
Mono: successfully reloaded assembly
- Completed reload, in  1.989 seconds
Platform modules already initialized, skipping
Refreshing native plugins compatible for Editor in 0.59 ms, found 2 plugins.
Preloading 0 native plugins for Editor in 0.00 ms.
Unloading 1839 Unused Serialized files (Serialized files now loaded: 0)
System memory in use before: 174.2 MB.
System memory in use after: 174.3 MB.

Unloading 11 unused Assets to reduce memory usage. Loaded Objects now: 2360.
Total: 3.697304 ms (FindLiveObjects: 0.351410 ms CreateObjectMapping: 0.132907 ms MarkObjects: 3.039896 ms  DeleteObjects: 0.171099 ms)

========================================================================
Received Prepare
Registering precompiled user dll's ...
Registered in 0.000639 seconds.
Begin MonoManager ReloadAssembly
Native extension for OSXStandalone target not found
Native extension for WebGL target not found
Refreshing native plugins compatible for Editor in 0.43 ms, found 2 plugins.
Preloading 0 native plugins for Editor in 0.00 ms.
Mono: successfully reloaded assembly
- Completed reload, in  1.003 seconds
Platform modules already initialized, skipping
Refreshing native plugins compatible for Editor in 0.46 ms, found 2 plugins.
Preloading 0 native plugins for Editor in 0.00 ms.
Unloading 1839 Unused Serialized files (Serialized files now loaded: 0)
System memory in use before: 174.4 MB.
System memory in use after: 174.4 MB.

Unloading 11 unused Assets to reduce memory usage. Loaded Objects now: 2364.
Total: 2.565284 ms (FindLiveObjects: 0.333525 ms CreateObjectMapping: 0.099942 ms MarkObjects: 2.006594 ms  DeleteObjects: 0.123191 ms)

========================================================================
Received Prepare
Registering precompiled user dll's ...
Registered in 0.000566 seconds.
Begin MonoManager ReloadAssembly
Native extension for OSXStandalone target not found
Native extension for WebGL target not found
Refreshing native plugins compatible for Editor in 0.41 ms, found 2 plugins.
Preloading 0 native plugins for Editor in 0.00 ms.
Mono: successfully reloaded assembly
- Completed reload, in  1.054 seconds
Platform modules already initialized, skipping
Refreshing native plugins compatible for Editor in 0.45 ms, found 2 plugins.
Preloading 0 native plugins for Editor in 0.00 ms.
Unloading 1839 Unused Serialized files (Serialized files now loaded: 0)
System memory in use before: 174.6 MB.
System memory in use after: 174.6 MB.

Unloading 11 unused Assets to reduce memory usage. Loaded Objects now: 2368.
Total: 2.950605 ms (FindLiveObjects: 0.369847 ms CreateObjectMapping: 0.135289 ms MarkObjects: 2.300815 ms  DeleteObjects: 0.142988 ms)

========================================================================
Received Prepare
Registering precompiled user dll's ...
Registered in 0.001798 seconds.
Begin MonoManager ReloadAssembly
Native extension for OSXStandalone target not found
Native extension for WebGL target not found
Refreshing native plugins compatible for Editor in 0.36 ms, found 2 plugins.
Preloading 0 native plugins for Editor in 0.00 ms.
Mono: successfully reloaded assembly
- Completed reload, in  1.120 seconds
Platform modules already initialized, skipping
Refreshing native plugins compatible for Editor in 0.49 ms, found 2 plugins.
Preloading 0 native plugins for Editor in 0.00 ms.
Unloading 1839 Unused Serialized files (Serialized files now loaded: 0)
System memory in use before: 174.8 MB.
System memory in use after: 174.8 MB.

Unloading 11 unused Assets to reduce memory usage. Loaded Objects now: 2372.
Total: 3.483433 ms (FindLiveObjects: 0.395527 ms CreateObjectMapping: 0.149799 ms MarkObjects: 2.793084 ms  DeleteObjects: 0.142787 ms)

========================================================================
Received Prepare
Registering precompiled user dll's ...
Registered in 0.000598 seconds.
Begin MonoManager ReloadAssembly
Native extension for OSXStandalone target not found
Native extension for WebGL target not found
Refreshing native plugins compatible for Editor in 0.48 ms, found 2 plugins.
Preloading 0 native plugins for Editor in 0.00 ms.
Mono: successfully reloaded assembly
- Completed reload, in  1.016 seconds
Platform modules already initialized, skipping
Refreshing native plugins compatible for Editor in 0.46 ms, found 2 plugins.
Preloading 0 native plugins for Editor in 0.00 ms.
Unloading 1839 Unused Serialized files (Serialized files now loaded: 0)
System memory in use before: 175.0 MB.
System memory in use after: 175.0 MB.

Unloading 11 unused Assets to reduce memory usage. Loaded Objects now: 2376.
Total: 4.226172 ms (FindLiveObjects: 0.603929 ms CreateObjectMapping: 0.247531 ms MarkObjects: 3.206808 ms  DeleteObjects: 0.164897 ms)

========================================================================
Received Import Request.
  Time since last request: 1459.870916 seconds.
  path: Assets/Sprites/back 1.png
  artifactKey: Guid(c48b0fb630439463f838fa4e7b3d4127) Importer(815301076,1909f56bfc062723c751e8b465ee728b)
Start importing Assets/Sprites/back 1.png using Guid(c48b0fb630439463f838fa4e7b3d4127) Importer(815301076,1909f56bfc062723c751e8b465ee728b)  -> (artifact id: 'e54c7967c1233a2dfbbd44a5a55acf38') in 0.115858 seconds
  Import took 0.129739 seconds .

========================================================================
Received Import Request.
  Time since last request: 121.284053 seconds.
  path: Assets/Sprites/back.png
  artifactKey: Guid(347cd5919bf2c49989a989c4c1e4707d) Importer(815301076,1909f56bfc062723c751e8b465ee728b)
Start importing Assets/Sprites/back.png using Guid(347cd5919bf2c49989a989c4c1e4707d) Importer(815301076,1909f56bfc062723c751e8b465ee728b)  -> (artifact id: '0c863e869f187fc829191d89ff464cde') in 0.027924 seconds
  Import took 0.041506 seconds .

========================================================================
Received Import Request.
  Time since last request: 9.626968 seconds.
  path: Assets/Sprites/back.png
  artifactKey: Guid(347cd5919bf2c49989a989c4c1e4707d) Importer(815301076,1909f56bfc062723c751e8b465ee728b)
Start importing Assets/Sprites/back.png using Guid(347cd5919bf2c49989a989c4c1e4707d) Importer(815301076,1909f56bfc062723c751e8b465ee728b)  -> (artifact id: '948280e7b481eae8aa30b6e3c982ab5e') in 0.008136 seconds
  Import took 0.013605 seconds .

========================================================================
Received Import Request.
  Time since last request: 0.014489 seconds.
  path: Assets/Sprites/back.png
  artifactKey: Guid(347cd5919bf2c49989a989c4c1e4707d) Importer(815301076,1909f56bfc062723c751e8b465ee728b)
Start importing Assets/Sprites/back.png using Guid(347cd5919bf2c49989a989c4c1e4707d) Importer(815301076,1909f56bfc062723c751e8b465ee728b)  -> (artifact id: '948280e7b481eae8aa30b6e3c982ab5e') in 0.011729 seconds
  Import took 0.017670 seconds .

========================================================================
Received Import Request.
  Time since last request: 8.132453 seconds.
  path: Assets/Sprites/back.png
  artifactKey: Guid(347cd5919bf2c49989a989c4c1e4707d) Importer(815301076,1909f56bfc062723c751e8b465ee728b)
Start importing Assets/Sprites/back.png using Guid(347cd5919bf2c49989a989c4c1e4707d) Importer(815301076,1909f56bfc062723c751e8b465ee728b)  -> (artifact id: '7cbb1b7b23c07806c5f7491ed8a3aa35') in 0.043708 seconds
  Import took 0.047696 seconds .

========================================================================
Received Import Request.
  Time since last request: 0.034855 seconds.
  path: Assets/Sprites/back.png
  artifactKey: Guid(347cd5919bf2c49989a989c4c1e4707d) Importer(815301076,1909f56bfc062723c751e8b465ee728b)
Start importing Assets/Sprites/back.png using Guid(347cd5919bf2c49989a989c4c1e4707d) Importer(815301076,1909f56bfc062723c751e8b465ee728b)  -> (artifact id: '7cbb1b7b23c07806c5f7491ed8a3aa35') in 0.058919 seconds
  Import took 0.063113 seconds .

========================================================================
Received Import Request.
  Time since last request: 416.113814 seconds.
  path: Assets/Sprites/front.png
  artifactKey: Guid(b15c9fbe5fa0246aaae6ba56f5838702) Importer(815301076,1909f56bfc062723c751e8b465ee728b)
Start importing Assets/Sprites/front.png using Guid(b15c9fbe5fa0246aaae6ba56f5838702) Importer(815301076,1909f56bfc062723c751e8b465ee728b)  -> (artifact id: '3b5d5934118894516a886aa8bba2e653') in 0.033625 seconds
  Import took 0.042354 seconds .

========================================================================
Received Import Request.
  Time since last request: 0.000261 seconds.
  path: Assets/Sprites/left_side.png
  artifactKey: Guid(7ec17d096300f44c8a76d53758186032) Importer(815301076,1909f56bfc062723c751e8b465ee728b)
Start importing Assets/Sprites/left_side.png using Guid(7ec17d096300f44c8a76d53758186032) Importer(815301076,1909f56bfc062723c751e8b465ee728b)  -> (artifact id: 'fbd6612fdef3ee632fac58c5bbda47b8') in 0.017941 seconds
  Import took 0.022502 seconds .

========================================================================
Received Import Request.
  Time since last request: 16.945968 seconds.
  path: Assets/Sprites/front.png
  artifactKey: Guid(b15c9fbe5fa0246aaae6ba56f5838702) Importer(815301076,1909f56bfc062723c751e8b465ee728b)
Start importing Assets/Sprites/front.png using Guid(b15c9fbe5fa0246aaae6ba56f5838702) Importer(815301076,1909f56bfc062723c751e8b465ee728b)  -> (artifact id: 'fb0cde4f10a57ec114cd443c7f48bb34') in 0.008447 seconds
  Import took 0.012260 seconds .

========================================================================
Received Import Request.
  Time since last request: 0.013224 seconds.
  path: Assets/Sprites/front.png
  artifactKey: Guid(b15c9fbe5fa0246aaae6ba56f5838702) Importer(815301076,1909f56bfc062723c751e8b465ee728b)
Start importing Assets/Sprites/front.png using Guid(b15c9fbe5fa0246aaae6ba56f5838702) Importer(815301076,1909f56bfc062723c751e8b465ee728b)  -> (artifact id: 'fb0cde4f10a57ec114cd443c7f48bb34') in 0.010647 seconds
  Import took 0.016233 seconds .

========================================================================
Received Import Request.
  Time since last request: 8.285067 seconds.
  path: Assets/Sprites/left_side.png
  artifactKey: Guid(7ec17d096300f44c8a76d53758186032) Importer(815301076,1909f56bfc062723c751e8b465ee728b)
Start importing Assets/Sprites/left_side.png using Guid(7ec17d096300f44c8a76d53758186032) Importer(815301076,1909f56bfc062723c751e8b465ee728b)  -> (artifact id: '31c4390d2128651c48d971508ce97428') in 0.008070 seconds
  Import took 0.012021 seconds .

========================================================================
Received Import Request.
  Time since last request: 0.020556 seconds.
  path: Assets/Sprites/left_side.png
  artifactKey: Guid(7ec17d096300f44c8a76d53758186032) Importer(815301076,1909f56bfc062723c751e8b465ee728b)
Start importing Assets/Sprites/left_side.png using Guid(7ec17d096300f44c8a76d53758186032) Importer(815301076,1909f56bfc062723c751e8b465ee728b)  -> (artifact id: '31c4390d2128651c48d971508ce97428') in 0.011728 seconds
  Import took 0.017986 seconds .

========================================================================
Received Import Request.
  Time since last request: 5.201268 seconds.
  path: Assets/Sprites/left_side.png
  artifactKey: Guid(7ec17d096300f44c8a76d53758186032) Importer(815301076,1909f56bfc062723c751e8b465ee728b)
Start importing Assets/Sprites/left_side.png using Guid(7ec17d096300f44c8a76d53758186032) Importer(815301076,1909f56bfc062723c751e8b465ee728b)  -> (artifact id: '065a3f01727ee3b99c0cc7b5892ade56') in 0.053151 seconds
  Import took 0.058813 seconds .

========================================================================
Received Import Request.
  Time since last request: 0.013594 seconds.
  path: Assets/Sprites/left_side.png
  artifactKey: Guid(7ec17d096300f44c8a76d53758186032) Importer(815301076,1909f56bfc062723c751e8b465ee728b)
Start importing Assets/Sprites/left_side.png using Guid(7ec17d096300f44c8a76d53758186032) Importer(815301076,1909f56bfc062723c751e8b465ee728b)  -> (artifact id: '065a3f01727ee3b99c0cc7b5892ade56') in 0.035637 seconds
  Import took 0.039262 seconds .

========================================================================
Received Import Request.
  Time since last request: 9.959810 seconds.
  path: Assets/Sprites/front.png
  artifactKey: Guid(b15c9fbe5fa0246aaae6ba56f5838702) Importer(815301076,1909f56bfc062723c751e8b465ee728b)
Start importing Assets/Sprites/front.png using Guid(b15c9fbe5fa0246aaae6ba56f5838702) Importer(815301076,1909f56bfc062723c751e8b465ee728b)  -> (artifact id: '7cf61b73fabaaebfd24fb9f4325fb367') in 0.056219 seconds
  Import took 0.061019 seconds .

========================================================================
Received Import Request.
  Time since last request: 254.214467 seconds.
  path: Assets/Sprites/front.png
  artifactKey: Guid(b15c9fbe5fa0246aaae6ba56f5838702) Importer(815301076,1909f56bfc062723c751e8b465ee728b)
Start importing Assets/Sprites/front.png using Guid(b15c9fbe5fa0246aaae6ba56f5838702) Importer(815301076,1909f56bfc062723c751e8b465ee728b)  -> (artifact id: 'eefe3de274cd681069c7dad73f3bce8f') in 0.027716 seconds
  Import took 0.032549 seconds .

========================================================================
Received Import Request.
  Time since last request: 0.036272 seconds.
  path: Assets/Sprites/front.png
  artifactKey: Guid(b15c9fbe5fa0246aaae6ba56f5838702) Importer(815301076,1909f56bfc062723c751e8b465ee728b)
Start importing Assets/Sprites/front.png using Guid(b15c9fbe5fa0246aaae6ba56f5838702) Importer(815301076,1909f56bfc062723c751e8b465ee728b)  -> (artifact id: 'eefe3de274cd681069c7dad73f3bce8f') in 0.036056 seconds
  Import took 0.041189 seconds .

========================================================================
Received Import Request.
  Time since last request: 41.529073 seconds.
  path: Assets/Sprites/left_side.png
  artifactKey: Guid(7ec17d096300f44c8a76d53758186032) Importer(815301076,1909f56bfc062723c751e8b465ee728b)
Start importing Assets/Sprites/left_side.png using Guid(7ec17d096300f44c8a76d53758186032) Importer(815301076,1909f56bfc062723c751e8b465ee728b)  -> (artifact id: '5183ae70d88de97af06102c06c411494') in 0.056770 seconds
  Import took 0.062342 seconds .

========================================================================
Received Import Request.
  Time since last request: 248.691063 seconds.
  path: Assets/Sprites/left_side.png
  artifactKey: Guid(7ec17d096300f44c8a76d53758186032) Importer(815301076,1909f56bfc062723c751e8b465ee728b)
Start importing Assets/Sprites/left_side.png using Guid(7ec17d096300f44c8a76d53758186032) Importer(815301076,1909f56bfc062723c751e8b465ee728b)  -> (artifact id: '5cb025fea701d4177796b1a18054fcfe') in 0.053389 seconds
  Import took 0.058802 seconds .

========================================================================
Received Import Request.
  Time since last request: 114.720696 seconds.
  path: Assets/Sprites/left_side.png
  artifactKey: Guid(7ec17d096300f44c8a76d53758186032) Importer(815301076,1909f56bfc062723c751e8b465ee728b)
Start importing Assets/Sprites/left_side.png using Guid(7ec17d096300f44c8a76d53758186032) Importer(815301076,1909f56bfc062723c751e8b465ee728b)  -> (artifact id: '0745c368e86cdbfe40f51d7838eb44e7') in 0.051731 seconds
  Import took 0.057045 seconds .

========================================================================
Received Import Request.
  Time since last request: 66.611317 seconds.
  path: Assets/Sprites/front.png
  artifactKey: Guid(b15c9fbe5fa0246aaae6ba56f5838702) Importer(815301076,1909f56bfc062723c751e8b465ee728b)
Start importing Assets/Sprites/front.png using Guid(b15c9fbe5fa0246aaae6ba56f5838702) Importer(815301076,1909f56bfc062723c751e8b465ee728b)  -> (artifact id: '17a31dc0c5b791e77112d9586fb08767') in 0.050608 seconds
  Import took 0.056632 seconds .

========================================================================
Received Import Request.
  Time since last request: 35.433189 seconds.
  path: Assets/Sprites/front.png
  artifactKey: Guid(b15c9fbe5fa0246aaae6ba56f5838702) Importer(815301076,1909f56bfc062723c751e8b465ee728b)
Start importing Assets/Sprites/front.png using Guid(b15c9fbe5fa0246aaae6ba56f5838702) Importer(815301076,1909f56bfc062723c751e8b465ee728b)  -> (artifact id: 'bbbb4fa05af6e47905f07ff9a3b4bc9d') in 0.025059 seconds
  Import took 0.029904 seconds .

========================================================================
Received Import Request.
  Time since last request: 0.019420 seconds.
  path: Assets/Sprites/front.png
  artifactKey: Guid(b15c9fbe5fa0246aaae6ba56f5838702) Importer(815301076,1909f56bfc062723c751e8b465ee728b)
Start importing Assets/Sprites/front.png using Guid(b15c9fbe5fa0246aaae6ba56f5838702) Importer(815301076,1909f56bfc062723c751e8b465ee728b)  -> (artifact id: 'bbbb4fa05af6e47905f07ff9a3b4bc9d') in 0.038339 seconds
  Import took 0.045361 seconds .

========================================================================
Received Import Request.
  Time since last request: 17.612487 seconds.
  path: Assets/Sprites/front.png
  artifactKey: Guid(b15c9fbe5fa0246aaae6ba56f5838702) Importer(815301076,1909f56bfc062723c751e8b465ee728b)
Start importing Assets/Sprites/front.png using Guid(b15c9fbe5fa0246aaae6ba56f5838702) Importer(815301076,1909f56bfc062723c751e8b465ee728b)  -> (artifact id: 'e336972d65188665f48f630495f8ef4e') in 0.059118 seconds
  Import took 0.063872 seconds .

========================================================================
Received Import Request.
  Time since last request: 95.355248 seconds.
  path: Assets/Sprites/front.png
  artifactKey: Guid(b15c9fbe5fa0246aaae6ba56f5838702) Importer(815301076,1909f56bfc062723c751e8b465ee728b)
Start importing Assets/Sprites/front.png using Guid(b15c9fbe5fa0246aaae6ba56f5838702) Importer(815301076,1909f56bfc062723c751e8b465ee728b)  -> (artifact id: 'ff39ff9a069ebfd941f39fe1c538cebb') in 0.046823 seconds
  Import took 0.051026 seconds .

========================================================================
Received Import Request.
  Time since last request: 22.198829 seconds.
  path: Assets/Sprites/front.png
  artifactKey: Guid(b15c9fbe5fa0246aaae6ba56f5838702) Importer(815301076,1909f56bfc062723c751e8b465ee728b)
Start importing Assets/Sprites/front.png using Guid(b15c9fbe5fa0246aaae6ba56f5838702) Importer(815301076,1909f56bfc062723c751e8b465ee728b)  -> (artifact id: 'eeb36630570e83b46f3dde873a7a75a0') in 0.066143 seconds
  Import took 0.070972 seconds .

========================================================================
Received Import Request.
  Time since last request: 0.011729 seconds.
  path: Assets/Sprites/front.png
  artifactKey: Guid(b15c9fbe5fa0246aaae6ba56f5838702) Importer(815301076,1909f56bfc062723c751e8b465ee728b)
Start importing Assets/Sprites/front.png using Guid(b15c9fbe5fa0246aaae6ba56f5838702) Importer(815301076,1909f56bfc062723c751e8b465ee728b)  -> (artifact id: 'eeb36630570e83b46f3dde873a7a75a0') in 0.036563 seconds
  Import took 0.041205 seconds .

========================================================================
Received Import Request.
  Time since last request: 13.554443 seconds.
  path: Assets/Sprites/front.png
  artifactKey: Guid(b15c9fbe5fa0246aaae6ba56f5838702) Importer(815301076,1909f56bfc062723c751e8b465ee728b)
Start importing Assets/Sprites/front.png using Guid(b15c9fbe5fa0246aaae6ba56f5838702) Importer(815301076,1909f56bfc062723c751e8b465ee728b)  -> (artifact id: 'ff6910e26e7ccd937e0bf2adcd1700f8') in 0.024757 seconds
  Import took 0.028407 seconds .

========================================================================
Received Import Request.
  Time since last request: 0.072310 seconds.
  path: Assets/Sprites/front.png
  artifactKey: Guid(b15c9fbe5fa0246aaae6ba56f5838702) Importer(815301076,1909f56bfc062723c751e8b465ee728b)
Start importing Assets/Sprites/front.png using Guid(b15c9fbe5fa0246aaae6ba56f5838702) Importer(815301076,1909f56bfc062723c751e8b465ee728b)  -> (artifact id: 'ff6910e26e7ccd937e0bf2adcd1700f8') in 0.035018 seconds
  Import took 0.038943 seconds .

========================================================================
Received Import Request.
  Time since last request: 545.661487 seconds.
  path: Assets/Sprites/left_side.png
  artifactKey: Guid(7ec17d096300f44c8a76d53758186032) Importer(815301076,1909f56bfc062723c751e8b465ee728b)
Start importing Assets/Sprites/left_side.png using Guid(7ec17d096300f44c8a76d53758186032) Importer(815301076,1909f56bfc062723c751e8b465ee728b)  -> (artifact id: '85d69492a202ad32312cfd68f35fdfb9') in 0.059289 seconds
  Import took 0.064478 seconds .

========================================================================
Received Prepare
Registering precompiled user dll's ...
Registered in 0.001834 seconds.
Begin MonoManager ReloadAssembly
Native extension for OSXStandalone target not found
Native extension for WebGL target not found
Refreshing native plugins compatible for Editor in 0.43 ms, found 2 plugins.
Preloading 0 native plugins for Editor in 0.00 ms.
Mono: successfully reloaded assembly
- Completed reload, in  1.145 seconds
Platform modules already initialized, skipping
Refreshing native plugins compatible for Editor in 0.42 ms, found 2 plugins.
Preloading 0 native plugins for Editor in 0.00 ms.
Unloading 1839 Unused Serialized files (Serialized files now loaded: 0)
System memory in use before: 176.0 MB.
System memory in use after: 176.0 MB.

Unloading 11 unused Assets to reduce memory usage. Loaded Objects now: 2431.
Total: 2.388573 ms (FindLiveObjects: 0.366482 ms CreateObjectMapping: 0.082505 ms MarkObjects: 1.831196 ms  DeleteObjects: 0.107288 ms)

========================================================================
Received Prepare
Registering precompiled user dll's ...
Registered in 0.001680 seconds.
Begin MonoManager ReloadAssembly
Native extension for OSXStandalone target not found
Native extension for WebGL target not found
Refreshing native plugins compatible for Editor in 0.42 ms, found 2 plugins.
Preloading 0 native plugins for Editor in 0.00 ms.
Mono: successfully reloaded assembly
- Completed reload, in  1.164 seconds
Platform modules already initialized, skipping
Refreshing native plugins compatible for Editor in 0.38 ms, found 2 plugins.
Preloading 0 native plugins for Editor in 0.00 ms.
Unloading 1839 Unused Serialized files (Serialized files now loaded: 0)
System memory in use before: 176.1 MB.
System memory in use after: 176.1 MB.

Unloading 11 unused Assets to reduce memory usage. Loaded Objects now: 2435.
Total: 2.709946 ms (FindLiveObjects: 0.283250 ms CreateObjectMapping: 0.058495 ms MarkObjects: 2.267354 ms  DeleteObjects: 0.099654 ms)

========================================================================
Received Import Request.
  Time since last request: 453.462801 seconds.
  path: Assets/Sprites/left_side.png
  artifactKey: Guid(7ec17d096300f44c8a76d53758186032) Importer(815301076,1909f56bfc062723c751e8b465ee728b)
Start importing Assets/Sprites/left_side.png using Guid(7ec17d096300f44c8a76d53758186032) Importer(815301076,1909f56bfc062723c751e8b465ee728b)  -> (artifact id: 'a3a129f7b9bb924e6f071050d3ef4dc8') in 0.143448 seconds
  Import took 0.148136 seconds .

========================================================================
Received Import Request.
  Time since last request: 19.350790 seconds.
  path: Assets/Sprites/left_side.png
  artifactKey: Guid(7ec17d096300f44c8a76d53758186032) Importer(815301076,1909f56bfc062723c751e8b465ee728b)
Start importing Assets/Sprites/left_side.png using Guid(7ec17d096300f44c8a76d53758186032) Importer(815301076,1909f56bfc062723c751e8b465ee728b)  -> (artifact id: 'a036c41ce12d7637093fc8a10a57e69b') in 0.052243 seconds
  Import took 0.056740 seconds .

========================================================================
Received Import Request.
  Time since last request: 55.467014 seconds.
  path: Assets/Sprites/back.png
  artifactKey: Guid(347cd5919bf2c49989a989c4c1e4707d) Importer(815301076,1909f56bfc062723c751e8b465ee728b)
Start importing Assets/Sprites/back.png using Guid(347cd5919bf2c49989a989c4c1e4707d) Importer(815301076,1909f56bfc062723c751e8b465ee728b)  -> (artifact id: '15aeade53f5db8636db89765ae6089e0') in 0.036156 seconds
  Import took 0.042131 seconds .

========================================================================
Received Import Request.
  Time since last request: 9.748770 seconds.
  path: Assets/Sprites/back.png
  artifactKey: Guid(347cd5919bf2c49989a989c4c1e4707d) Importer(815301076,1909f56bfc062723c751e8b465ee728b)
Start importing Assets/Sprites/back.png using Guid(347cd5919bf2c49989a989c4c1e4707d) Importer(815301076,1909f56bfc062723c751e8b465ee728b)  -> (artifact id: '844d210a081e3da578cbe1550b2fb0a1') in 0.007971 seconds
  Import took 0.012544 seconds .

========================================================================
Received Import Request.
  Time since last request: 0.012291 seconds.
  path: Assets/Sprites/back.png
  artifactKey: Guid(347cd5919bf2c49989a989c4c1e4707d) Importer(815301076,1909f56bfc062723c751e8b465ee728b)
Start importing Assets/Sprites/back.png using Guid(347cd5919bf2c49989a989c4c1e4707d) Importer(815301076,1909f56bfc062723c751e8b465ee728b)  -> (artifact id: '844d210a081e3da578cbe1550b2fb0a1') in 0.013635 seconds
  Import took 0.020322 seconds .

========================================================================
Received Import Request.
  Time since last request: 6.263081 seconds.
  path: Assets/Sprites/back.png
  artifactKey: Guid(347cd5919bf2c49989a989c4c1e4707d) Importer(815301076,1909f56bfc062723c751e8b465ee728b)
Start importing Assets/Sprites/back.png using Guid(347cd5919bf2c49989a989c4c1e4707d) Importer(815301076,1909f56bfc062723c751e8b465ee728b)  -> (artifact id: 'a4b0042607f31dc5070271a4cae6be30') in 0.043670 seconds
  Import took 0.048877 seconds .

========================================================================
Received Prepare
Registering precompiled user dll's ...
Registered in 0.001480 seconds.
Begin MonoManager ReloadAssembly
Native extension for OSXStandalone target not found
Native extension for WebGL target not found
Refreshing native plugins compatible for Editor in 0.47 ms, found 2 plugins.
Preloading 0 native plugins for Editor in 0.00 ms.
Mono: successfully reloaded assembly
- Completed reload, in  1.111 seconds
Platform modules already initialized, skipping
Refreshing native plugins compatible for Editor in 0.45 ms, found 2 plugins.
Preloading 0 native plugins for Editor in 0.00 ms.
Unloading 1839 Unused Serialized files (Serialized files now loaded: 0)
System memory in use before: 176.8 MB.
System memory in use after: 176.8 MB.

Unloading 11 unused Assets to reduce memory usage. Loaded Objects now: 2440.
Total: 2.502955 ms (FindLiveObjects: 0.306015 ms CreateObjectMapping: 0.098172 ms MarkObjects: 1.989937 ms  DeleteObjects: 0.106951 ms)

========================================================================
Received Prepare
Registering precompiled user dll's ...
Registered in 0.001275 seconds.
Begin MonoManager ReloadAssembly
Native extension for OSXStandalone target not found
Native extension for WebGL target not found
Refreshing native plugins compatible for Editor in 0.43 ms, found 2 plugins.
Preloading 0 native plugins for Editor in 0.00 ms.
Mono: successfully reloaded assembly
- Completed reload, in  1.011 seconds
Platform modules already initialized, skipping
Refreshing native plugins compatible for Editor in 0.41 ms, found 2 plugins.
Preloading 0 native plugins for Editor in 0.00 ms.
Unloading 1839 Unused Serialized files (Serialized files now loaded: 0)
System memory in use before: 177.0 MB.
System memory in use after: 177.0 MB.

Unloading 11 unused Assets to reduce memory usage. Loaded Objects now: 2444.
Total: 5.182039 ms (FindLiveObjects: 0.856366 ms CreateObjectMapping: 0.416492 ms MarkObjects: 3.733525 ms  DeleteObjects: 0.172422 ms)

========================================================================
Received Import Request.
  Time since last request: 426.919425 seconds.
  path: Assets/UIImages/Rectangle 19811.png
  artifactKey: Guid(f97d6d21fcd184cbf973f063aedb38ef) Importer(815301076,1909f56bfc062723c751e8b465ee728b)
Start importing Assets/UIImages/Rectangle 19811.png using Guid(f97d6d21fcd184cbf973f063aedb38ef) Importer(815301076,1909f56bfc062723c751e8b465ee728b)  -> (artifact id: '330b6b5366b3ecac51e58b5ac774d2e3') in 0.065543 seconds
  Import took 0.071383 seconds .

========================================================================
Received Import Request.
  Time since last request: 6.162951 seconds.
  path: Assets/UIImages/background.png
  artifactKey: Guid(f97d6d21fcd184cbf973f063aedb38ef) Importer(815301076,1909f56bfc062723c751e8b465ee728b)
Start importing Assets/UIImages/background.png using Guid(f97d6d21fcd184cbf973f063aedb38ef) Importer(815301076,1909f56bfc062723c751e8b465ee728b)  -> (artifact id: '673b1d3cad3778279ee8224d1f59ca58') in 0.009358 seconds
  Import took 0.017017 seconds .

========================================================================
Received Import Request.
  Time since last request: 0.060098 seconds.
  path: Assets/UIImages/background.png
  artifactKey: Guid(f97d6d21fcd184cbf973f063aedb38ef) Importer(815301076,1909f56bfc062723c751e8b465ee728b)
Start importing Assets/UIImages/background.png using Guid(f97d6d21fcd184cbf973f063aedb38ef) Importer(815301076,1909f56bfc062723c751e8b465ee728b)  -> (artifact id: '673b1d3cad3778279ee8224d1f59ca58') in 0.009348 seconds
  Import took 0.015727 seconds .

========================================================================
Received Import Request.
  Time since last request: 65.122418 seconds.
  path: Assets/UIImages/background.png
  artifactKey: Guid(f97d6d21fcd184cbf973f063aedb38ef) Importer(815301076,1909f56bfc062723c751e8b465ee728b)
Start importing Assets/UIImages/background.png using Guid(f97d6d21fcd184cbf973f063aedb38ef) Importer(815301076,1909f56bfc062723c751e8b465ee728b)  -> (artifact id: 'f8a8f7cad16740a633fd026d7cf6e23d') in 0.010197 seconds
  Import took 0.013878 seconds .

========================================================================
Received Import Request.
  Time since last request: 0.067249 seconds.
  path: Assets/UIImages/background.png
  artifactKey: Guid(f97d6d21fcd184cbf973f063aedb38ef) Importer(815301076,1909f56bfc062723c751e8b465ee728b)
Start importing Assets/UIImages/background.png using Guid(f97d6d21fcd184cbf973f063aedb38ef) Importer(815301076,1909f56bfc062723c751e8b465ee728b)  -> (artifact id: 'f8a8f7cad16740a633fd026d7cf6e23d') in 0.008122 seconds
  Import took 0.012515 seconds .

========================================================================
Received Import Request.
  Time since last request: 273.002179 seconds.
  path: Assets/Prefabs/product.prefab
  artifactKey: Guid(38e100bb529214b16a9af6263799330e) Importer(815301076,1909f56bfc062723c751e8b465ee728b)
Start importing Assets/Prefabs/product.prefab using Guid(38e100bb529214b16a9af6263799330e) Importer(815301076,1909f56bfc062723c751e8b465ee728b)  -> (artifact id: 'a3b4769e38db6ee186ebcfe0496b2993') in 0.127039 seconds
  Import took 0.135604 seconds .

========================================================================
Received Import Request.
  Time since last request: 0.004381 seconds.
  path: Assets/Prefabs/product.prefab
  artifactKey: Guid(38e100bb529214b16a9af6263799330e) Importer(815301076,1909f56bfc062723c751e8b465ee728b)
Start importing Assets/Prefabs/product.prefab using Guid(38e100bb529214b16a9af6263799330e) Importer(815301076,1909f56bfc062723c751e8b465ee728b)  -> (artifact id: 'a3b4769e38db6ee186ebcfe0496b2993') in 0.034886 seconds
  Import took 0.039720 seconds .

========================================================================
Received Import Request.
  Time since last request: 31.782406 seconds.
  path: Assets/Prefabs/product.prefab
  artifactKey: Guid(38e100bb529214b16a9af6263799330e) Importer(815301076,1909f56bfc062723c751e8b465ee728b)
Start importing Assets/Prefabs/product.prefab using Guid(38e100bb529214b16a9af6263799330e) Importer(815301076,1909f56bfc062723c751e8b465ee728b)  -> (artifact id: '58eb2d1f32f36e4542fdbd7cc29d2d9f') in 0.025543 seconds
  Import took 0.036064 seconds .

========================================================================
Received Import Request.
  Time since last request: 41.505979 seconds.
  path: Assets/Scripts/ProductDetails.cs
  artifactKey: Guid(a2134dcdd3f364ac992569a86121522e) Importer(815301076,1909f56bfc062723c751e8b465ee728b)
Start importing Assets/Scripts/ProductDetails.cs using Guid(a2134dcdd3f364ac992569a86121522e) Importer(815301076,1909f56bfc062723c751e8b465ee728b)  -> (artifact id: '99e35597d131e8779dc6bd3bcbedbbc3') in 0.006535 seconds
  Import took 0.010497 seconds .

========================================================================
Received Prepare
Registering precompiled user dll's ...
Registered in 0.000936 seconds.
Begin MonoManager ReloadAssembly
Native extension for OSXStandalone target not found
Native extension for WebGL target not found
Refreshing native plugins compatible for Editor in 0.46 ms, found 2 plugins.
Preloading 0 native plugins for Editor in 0.00 ms.
Mono: successfully reloaded assembly
- Completed reload, in  1.109 seconds
Platform modules already initialized, skipping
Refreshing native plugins compatible for Editor in 0.52 ms, found 2 plugins.
Preloading 0 native plugins for Editor in 0.00 ms.
Unloading 1840 Unused Serialized files (Serialized files now loaded: 0)
System memory in use before: 177.3 MB.
System memory in use after: 177.3 MB.

Unloading 11 unused Assets to reduce memory usage. Loaded Objects now: 2452.
Total: 2.418545 ms (FindLiveObjects: 0.345430 ms CreateObjectMapping: 0.081679 ms MarkObjects: 1.862614 ms  DeleteObjects: 0.127431 ms)

========================================================================
Received Prepare
Registering precompiled user dll's ...
Registered in 0.001225 seconds.
Begin MonoManager ReloadAssembly
Native extension for OSXStandalone target not found
Native extension for WebGL target not found
Refreshing native plugins compatible for Editor in 0.43 ms, found 2 plugins.
Preloading 0 native plugins for Editor in 0.00 ms.
Mono: successfully reloaded assembly
- Completed reload, in  1.045 seconds
Platform modules already initialized, skipping
Refreshing native plugins compatible for Editor in 0.45 ms, found 2 plugins.
Preloading 0 native plugins for Editor in 0.00 ms.
Unloading 1840 Unused Serialized files (Serialized files now loaded: 0)
System memory in use before: 177.5 MB.
System memory in use after: 177.5 MB.

Unloading 11 unused Assets to reduce memory usage. Loaded Objects now: 2456.
Total: 2.858221 ms (FindLiveObjects: 0.330199 ms CreateObjectMapping: 0.101373 ms MarkObjects: 2.297875 ms  DeleteObjects: 0.127006 ms)

========================================================================
Received Import Request.
  Time since last request: 157.140909 seconds.
  path: Assets/Scripts/ProductDetails.cs
  artifactKey: Guid(a2134dcdd3f364ac992569a86121522e) Importer(815301076,1909f56bfc062723c751e8b465ee728b)
Start importing Assets/Scripts/ProductDetails.cs using Guid(a2134dcdd3f364ac992569a86121522e) Importer(815301076,1909f56bfc062723c751e8b465ee728b)  -> (artifact id: '96a08024f60f80474fc7c1862525d648') in 0.004957 seconds
  Import took 0.010754 seconds .

========================================================================
Received Prepare
Registering precompiled user dll's ...
Registered in 0.002161 seconds.
Begin MonoManager ReloadAssembly
Native extension for OSXStandalone target not found
Native extension for WebGL target not found
Refreshing native plugins compatible for Editor in 0.43 ms, found 2 plugins.
Preloading 0 native plugins for Editor in 0.00 ms.
Mono: successfully reloaded assembly
- Completed reload, in  1.073 seconds
Platform modules already initialized, skipping
Refreshing native plugins compatible for Editor in 0.41 ms, found 2 plugins.
Preloading 0 native plugins for Editor in 0.00 ms.
Unloading 1840 Unused Serialized files (Serialized files now loaded: 0)
System memory in use before: 177.7 MB.
System memory in use after: 177.7 MB.

Unloading 11 unused Assets to reduce memory usage. Loaded Objects now: 2460.
Total: 2.553816 ms (FindLiveObjects: 0.294574 ms CreateObjectMapping: 0.096077 ms MarkObjects: 2.040703 ms  DeleteObjects: 0.121216 ms)

========================================================================
Received Prepare
Registering precompiled user dll's ...
Registered in 0.003649 seconds.
Begin MonoManager ReloadAssembly
Native extension for OSXStandalone target not found
Native extension for WebGL target not found
Refreshing native plugins compatible for Editor in 0.63 ms, found 2 plugins.
Preloading 0 native plugins for Editor in 0.00 ms.
Mono: successfully reloaded assembly
- Completed reload, in  1.123 seconds
Platform modules already initialized, skipping
Refreshing native plugins compatible for Editor in 0.45 ms, found 2 plugins.
Preloading 0 native plugins for Editor in 0.00 ms.
Unloading 1840 Unused Serialized files (Serialized files now loaded: 0)
System memory in use before: 177.8 MB.
System memory in use after: 177.9 MB.

Unloading 11 unused Assets to reduce memory usage. Loaded Objects now: 2464.
Total: 2.528508 ms (FindLiveObjects: 0.443556 ms CreateObjectMapping: 0.103968 ms MarkObjects: 1.845371 ms  DeleteObjects: 0.133771 ms)

========================================================================
Received Import Request.
  Time since last request: 413.222810 seconds.
  path: Assets/Prefabs/product.prefab
  artifactKey: Guid(38e100bb529214b16a9af6263799330e) Importer(815301076,1909f56bfc062723c751e8b465ee728b)
Start importing Assets/Prefabs/product.prefab using Guid(38e100bb529214b16a9af6263799330e) Importer(815301076,1909f56bfc062723c751e8b465ee728b)  -> (artifact id: '90aef8be5b333a247379874172c47b75') in 0.116570 seconds
  Import took 0.122366 seconds .

========================================================================
Received Prepare
Registering precompiled user dll's ...
Registered in 0.000607 seconds.
Begin MonoManager ReloadAssembly
Native extension for OSXStandalone target not found
Native extension for WebGL target not found
Refreshing native plugins compatible for Editor in 0.40 ms, found 2 plugins.
Preloading 0 native plugins for Editor in 0.00 ms.
Mono: successfully reloaded assembly
- Completed reload, in  1.114 seconds
Platform modules already initialized, skipping
Refreshing native plugins compatible for Editor in 0.46 ms, found 2 plugins.
Preloading 0 native plugins for Editor in 0.00 ms.
Unloading 1840 Unused Serialized files (Serialized files now loaded: 0)
System memory in use before: 178.1 MB.
System memory in use after: 178.1 MB.

Unloading 11 unused Assets to reduce memory usage. Loaded Objects now: 2468.
Total: 4.149474 ms (FindLiveObjects: 0.368165 ms CreateObjectMapping: 0.128265 ms MarkObjects: 3.500289 ms  DeleteObjects: 0.150340 ms)

========================================================================
Received Prepare
Registering precompiled user dll's ...
Registered in 0.001196 seconds.
Begin MonoManager ReloadAssembly
Native extension for OSXStandalone target not found
Native extension for WebGL target not found
Refreshing native plugins compatible for Editor in 0.44 ms, found 2 plugins.
Preloading 0 native plugins for Editor in 0.00 ms.
Mono: successfully reloaded assembly
- Completed reload, in  1.016 seconds
Platform modules already initialized, skipping
Refreshing native plugins compatible for Editor in 0.37 ms, found 2 plugins.
Preloading 0 native plugins for Editor in 0.00 ms.
Unloading 1840 Unused Serialized files (Serialized files now loaded: 0)
System memory in use before: 178.3 MB.
System memory in use after: 178.3 MB.

Unloading 11 unused Assets to reduce memory usage. Loaded Objects now: 2472.
Total: 2.692354 ms (FindLiveObjects: 0.316217 ms CreateObjectMapping: 0.125863 ms MarkObjects: 2.139944 ms  DeleteObjects: 0.108658 ms)

========================================================================
Received Prepare
Registering precompiled user dll's ...
Registered in 0.001080 seconds.
Begin MonoManager ReloadAssembly
Native extension for OSXStandalone target not found
Native extension for WebGL target not found
Refreshing native plugins compatible for Editor in 0.39 ms, found 2 plugins.
Preloading 0 native plugins for Editor in 0.00 ms.
Mono: successfully reloaded assembly
- Completed reload, in  1.065 seconds
Platform modules already initialized, skipping
Refreshing native plugins compatible for Editor in 0.48 ms, found 2 plugins.
Preloading 0 native plugins for Editor in 0.00 ms.
Unloading 1840 Unused Serialized files (Serialized files now loaded: 0)
System memory in use before: 178.5 MB.
System memory in use after: 178.5 MB.

Unloading 11 unused Assets to reduce memory usage. Loaded Objects now: 2476.
Total: 2.157932 ms (FindLiveObjects: 0.237153 ms CreateObjectMapping: 0.064177 ms MarkObjects: 1.757535 ms  DeleteObjects: 0.097691 ms)

========================================================================
Received Import Request.
  Time since last request: 273.886528 seconds.
  path: Assets/Prefabs/product.prefab
  artifactKey: Guid(38e100bb529214b16a9af6263799330e) Importer(815301076,1909f56bfc062723c751e8b465ee728b)
Start importing Assets/Prefabs/product.prefab using Guid(38e100bb529214b16a9af6263799330e) Importer(815301076,1909f56bfc062723c751e8b465ee728b)  -> (artifact id: '66ef40f8082d89da87acbdef8f9befd0') in 0.095533 seconds
  Import took 0.101461 seconds .

========================================================================
Received Import Request.
  Time since last request: 13.045870 seconds.
  path: Assets/Prefabs/product.prefab
  artifactKey: Guid(38e100bb529214b16a9af6263799330e) Importer(815301076,1909f56bfc062723c751e8b465ee728b)
Start importing Assets/Prefabs/product.prefab using Guid(38e100bb529214b16a9af6263799330e) Importer(815301076,1909f56bfc062723c751e8b465ee728b)  -> (artifact id: '977af7b7ef045e9fe719908994291a94') in 0.029869 seconds
  Import took 0.036001 seconds .

========================================================================
Received Import Request.
  Time since last request: 11.911163 seconds.
  path: Assets/Prefabs/product.prefab
  artifactKey: Guid(38e100bb529214b16a9af6263799330e) Importer(815301076,1909f56bfc062723c751e8b465ee728b)
Start importing Assets/Prefabs/product.prefab using Guid(38e100bb529214b16a9af6263799330e) Importer(815301076,1909f56bfc062723c751e8b465ee728b)  -> (artifact id: '8b95542729976d07e9323fd13ccbafc3') in 0.023069 seconds
  Import took 0.029410 seconds .

========================================================================
Received Prepare
Registering precompiled user dll's ...
Registered in 0.002055 seconds.
Begin MonoManager ReloadAssembly
Native extension for OSXStandalone target not found
Native extension for WebGL target not found
Refreshing native plugins compatible for Editor in 0.47 ms, found 2 plugins.
Preloading 0 native plugins for Editor in 0.00 ms.
Mono: successfully reloaded assembly
- Completed reload, in  1.085 seconds
Platform modules already initialized, skipping
Refreshing native plugins compatible for Editor in 0.44 ms, found 2 plugins.
Preloading 0 native plugins for Editor in 0.00 ms.
Unloading 1840 Unused Serialized files (Serialized files now loaded: 0)
System memory in use before: 178.7 MB.
System memory in use after: 178.7 MB.

Unloading 11 unused Assets to reduce memory usage. Loaded Objects now: 2480.
Total: 2.338155 ms (FindLiveObjects: 0.301776 ms CreateObjectMapping: 0.073372 ms MarkObjects: 1.861324 ms  DeleteObjects: 0.100324 ms)

========================================================================
Received Prepare
Registering precompiled user dll's ...
Registered in 0.001471 seconds.
Begin MonoManager ReloadAssembly
Native extension for OSXStandalone target not found
Native extension for WebGL target not found
Refreshing native plugins compatible for Editor in 0.43 ms, found 2 plugins.
Preloading 0 native plugins for Editor in 0.00 ms.
Mono: successfully reloaded assembly
- Completed reload, in  1.025 seconds
Platform modules already initialized, skipping
Refreshing native plugins compatible for Editor in 0.48 ms, found 2 plugins.
Preloading 0 native plugins for Editor in 0.00 ms.
Unloading 1840 Unused Serialized files (Serialized files now loaded: 0)
System memory in use before: 178.9 MB.
System memory in use after: 178.9 MB.

Unloading 11 unused Assets to reduce memory usage. Loaded Objects now: 2484.
Total: 3.906821 ms (FindLiveObjects: 0.462743 ms CreateObjectMapping: 0.154484 ms MarkObjects: 3.128777 ms  DeleteObjects: 0.158266 ms)

========================================================================
Received Prepare
Registering precompiled user dll's ...
Registered in 0.003454 seconds.
Begin MonoManager ReloadAssembly
Native extension for OSXStandalone target not found
Native extension for WebGL target not found
Refreshing native plugins compatible for Editor in 0.43 ms, found 2 plugins.
Preloading 0 native plugins for Editor in 0.00 ms.
Mono: successfully reloaded assembly
- Completed reload, in  1.015 seconds
Platform modules already initialized, skipping
Refreshing native plugins compatible for Editor in 0.45 ms, found 2 plugins.
Preloading 0 native plugins for Editor in 0.00 ms.
Unloading 1840 Unused Serialized files (Serialized files now loaded: 0)
System memory in use before: 179.0 MB.
System memory in use after: 179.1 MB.

Unloading 11 unused Assets to reduce memory usage. Loaded Objects now: 2488.
Total: 4.557675 ms (FindLiveObjects: 0.559226 ms CreateObjectMapping: 0.190928 ms MarkObjects: 3.650801 ms  DeleteObjects: 0.154262 ms)

========================================================================
Received Prepare
Registering precompiled user dll's ...
Registered in 0.001582 seconds.
Begin MonoManager ReloadAssembly
Native extension for OSXStandalone target not found
Native extension for WebGL target not found
Refreshing native plugins compatible for Editor in 0.41 ms, found 2 plugins.
Preloading 0 native plugins for Editor in 0.00 ms.
Mono: successfully reloaded assembly
- Completed reload, in  1.089 seconds
Platform modules already initialized, skipping
Refreshing native plugins compatible for Editor in 0.50 ms, found 2 plugins.
Preloading 0 native plugins for Editor in 0.00 ms.
Unloading 1840 Unused Serialized files (Serialized files now loaded: 0)
System memory in use before: 179.2 MB.
System memory in use after: 179.3 MB.

Unloading 11 unused Assets to reduce memory usage. Loaded Objects now: 2492.
Total: 4.761055 ms (FindLiveObjects: 0.663490 ms CreateObjectMapping: 0.404624 ms MarkObjects: 3.513660 ms  DeleteObjects: 0.175996 ms)

========================================================================
Received Prepare
Registering precompiled user dll's ...
Registered in 0.001118 seconds.
Begin MonoManager ReloadAssembly
Native extension for OSXStandalone target not found
Native extension for WebGL target not found
Refreshing native plugins compatible for Editor in 0.41 ms, found 2 plugins.
Preloading 0 native plugins for Editor in 0.00 ms.
Mono: successfully reloaded assembly
- Completed reload, in  1.066 seconds
Platform modules already initialized, skipping
Refreshing native plugins compatible for Editor in 0.47 ms, found 2 plugins.
Preloading 0 native plugins for Editor in 0.00 ms.
Unloading 1840 Unused Serialized files (Serialized files now loaded: 0)
System memory in use before: 179.4 MB.
System memory in use after: 179.4 MB.

Unloading 11 unused Assets to reduce memory usage. Loaded Objects now: 2496.
Total: 2.798583 ms (FindLiveObjects: 0.386167 ms CreateObjectMapping: 0.097992 ms MarkObjects: 2.206390 ms  DeleteObjects: 0.106061 ms)

========================================================================
Received Import Request.
  Time since last request: 536.485935 seconds.
  path: Assets/Prefabs/shoe.prefab
  artifactKey: Guid(0404a9f6d18ea419b8a656da7557f0f3) Importer(815301076,1909f56bfc062723c751e8b465ee728b)
Start importing Assets/Prefabs/shoe.prefab using Guid(0404a9f6d18ea419b8a656da7557f0f3) Importer(815301076,1909f56bfc062723c751e8b465ee728b)  -> (artifact id: 'dcd522a2afaa28b28313316964f6ced9') in 0.085208 seconds
  Import took 0.091186 seconds .

========================================================================
Received Import Request.
  Time since last request: 0.000280 seconds.
  path: Assets/Prefabs/cap.prefab
  artifactKey: Guid(68ef40430ae314ddea650b2416b51139) Importer(815301076,1909f56bfc062723c751e8b465ee728b)
Start importing Assets/Prefabs/cap.prefab using Guid(68ef40430ae314ddea650b2416b51139) Importer(815301076,1909f56bfc062723c751e8b465ee728b)  -> (artifact id: 'b4289e94029d577fdaaa2fd7c34ea685') in 0.010870 seconds
  Import took 0.014629 seconds .

========================================================================
Received Import Request.
  Time since last request: 0.000259 seconds.
  path: Assets/Prefabs/shirt.prefab
  artifactKey: Guid(36fc9fbb600f54b049216fff3223708f) Importer(815301076,1909f56bfc062723c751e8b465ee728b)
Start importing Assets/Prefabs/shirt.prefab using Guid(36fc9fbb600f54b049216fff3223708f) Importer(815301076,1909f56bfc062723c751e8b465ee728b)  -> (artifact id: 'd0487701015ec299c79961d46315a750') in 0.019360 seconds
  Import took 0.023025 seconds .

========================================================================
Received Import Request.
  Time since last request: 0.035936 seconds.
  path: Assets/Prefabs/cap.prefab
  artifactKey: Guid(68ef40430ae314ddea650b2416b51139) Importer(815301076,1909f56bfc062723c751e8b465ee728b)
Start importing Assets/Prefabs/cap.prefab using Guid(68ef40430ae314ddea650b2416b51139) Importer(815301076,1909f56bfc062723c751e8b465ee728b)  -> (artifact id: 'b4289e94029d577fdaaa2fd7c34ea685') in 0.018770 seconds
  Import took 0.025212 seconds .

========================================================================
Received Import Request.
  Time since last request: 6.029840 seconds.
  path: Assets/Prefabs/product.prefab
  artifactKey: Guid(38e100bb529214b16a9af6263799330e) Importer(815301076,1909f56bfc062723c751e8b465ee728b)
Start importing Assets/Prefabs/product.prefab using Guid(38e100bb529214b16a9af6263799330e) Importer(815301076,1909f56bfc062723c751e8b465ee728b)  -> (artifact id: 'c9a608016d833e45072060214d445bac') in 0.079017 seconds
  Import took 0.084706 seconds .

========================================================================
Received Prepare
Registering precompiled user dll's ...
Registered in 0.001045 seconds.
Begin MonoManager ReloadAssembly
Native extension for OSXStandalone target not found
Native extension for WebGL target not found
Refreshing native plugins compatible for Editor in 0.48 ms, found 2 plugins.
Preloading 0 native plugins for Editor in 0.00 ms.
Mono: successfully reloaded assembly
- Completed reload, in  1.069 seconds
Platform modules already initialized, skipping
Refreshing native plugins compatible for Editor in 0.45 ms, found 2 plugins.
Preloading 0 native plugins for Editor in 0.00 ms.
Unloading 1840 Unused Serialized files (Serialized files now loaded: 0)
System memory in use before: 179.7 MB.
System memory in use after: 179.7 MB.

Unloading 11 unused Assets to reduce memory usage. Loaded Objects now: 2501.
Total: 2.524090 ms (FindLiveObjects: 0.281931 ms CreateObjectMapping: 0.080971 ms MarkObjects: 2.048685 ms  DeleteObjects: 0.111078 ms)

========================================================================
Received Prepare
Registering precompiled user dll's ...
Registered in 0.002255 seconds.
Begin MonoManager ReloadAssembly
Native extension for OSXStandalone target not found
Native extension for WebGL target not found
Refreshing native plugins compatible for Editor in 0.45 ms, found 2 plugins.
Preloading 0 native plugins for Editor in 0.00 ms.
Mono: successfully reloaded assembly
- Completed reload, in  1.098 seconds
Platform modules already initialized, skipping
Refreshing native plugins compatible for Editor in 0.41 ms, found 2 plugins.
Preloading 0 native plugins for Editor in 0.00 ms.
Unloading 1840 Unused Serialized files (Serialized files now loaded: 0)
System memory in use before: 179.9 MB.
System memory in use after: 179.9 MB.

Unloading 11 unused Assets to reduce memory usage. Loaded Objects now: 2505.
Total: 3.531957 ms (FindLiveObjects: 0.351155 ms CreateObjectMapping: 0.090104 ms MarkObjects: 2.798031 ms  DeleteObjects: 0.289696 ms)

========================================================================
Received Prepare
Registering precompiled user dll's ...
Registered in 0.000689 seconds.
Begin MonoManager ReloadAssembly
Native extension for OSXStandalone target not found
Native extension for WebGL target not found
Refreshing native plugins compatible for Editor in 1.18 ms, found 2 plugins.
Preloading 0 native plugins for Editor in 0.00 ms.
Mono: successfully reloaded assembly
- Completed reload, in  1.051 seconds
Platform modules already initialized, skipping
Refreshing native plugins compatible for Editor in 0.54 ms, found 2 plugins.
Preloading 0 native plugins for Editor in 0.00 ms.
Unloading 1840 Unused Serialized files (Serialized files now loaded: 0)
System memory in use before: 180.1 MB.
System memory in use after: 180.1 MB.

Unloading 11 unused Assets to reduce memory usage. Loaded Objects now: 2509.
Total: 4.955868 ms (FindLiveObjects: 0.538918 ms CreateObjectMapping: 0.193111 ms MarkObjects: 4.037308 ms  DeleteObjects: 0.184019 ms)

========================================================================
Received Prepare
Registering precompiled user dll's ...
Registered in 0.000718 seconds.
Begin MonoManager ReloadAssembly
Native extension for OSXStandalone target not found
Native extension for WebGL target not found
Refreshing native plugins compatible for Editor in 0.45 ms, found 2 plugins.
Preloading 0 native plugins for Editor in 0.00 ms.
Mono: successfully reloaded assembly
- Completed reload, in  1.047 seconds
Platform modules already initialized, skipping
Refreshing native plugins compatible for Editor in 0.45 ms, found 2 plugins.
Preloading 0 native plugins for Editor in 0.00 ms.
Unloading 1840 Unused Serialized files (Serialized files now loaded: 0)
System memory in use before: 180.3 MB.
System memory in use after: 180.3 MB.

Unloading 11 unused Assets to reduce memory usage. Loaded Objects now: 2513.
Total: 4.800264 ms (FindLiveObjects: 0.726138 ms CreateObjectMapping: 0.304523 ms MarkObjects: 3.596296 ms  DeleteObjects: 0.170486 ms)

========================================================================
Received Prepare
Registering precompiled user dll's ...
Registered in 0.002438 seconds.
Begin MonoManager ReloadAssembly
Native extension for OSXStandalone target not found
Native extension for WebGL target not found
Refreshing native plugins compatible for Editor in 0.40 ms, found 2 plugins.
Preloading 0 native plugins for Editor in 0.00 ms.
Mono: successfully reloaded assembly
- Completed reload, in  1.221 seconds
Platform modules already initialized, skipping
Refreshing native plugins compatible for Editor in 0.41 ms, found 2 plugins.
Preloading 0 native plugins for Editor in 0.00 ms.
Unloading 1840 Unused Serialized files (Serialized files now loaded: 0)
System memory in use before: 180.4 MB.
System memory in use after: 180.5 MB.

Unloading 11 unused Assets to reduce memory usage. Loaded Objects now: 2517.
Total: 2.406755 ms (FindLiveObjects: 0.354736 ms CreateObjectMapping: 0.103977 ms MarkObjects: 1.833499 ms  DeleteObjects: 0.113091 ms)

========================================================================
Received Import Request.
  Time since last request: 1058.781014 seconds.
  path: Assets
  artifactKey: Guid(00000000000000001000000000000000) Importer(815301076,1909f56bfc062723c751e8b465ee728b)
Start importing Assets using Guid(00000000000000001000000000000000) Importer(815301076,1909f56bfc062723c751e8b465ee728b)  -> (artifact id: 'e4856052512617ee48189cf1d7999900') in 0.004587 seconds
  Import took 0.013510 seconds .

========================================================================
Received Import Request.
  Time since last request: 0.011101 seconds.
  path: Assets
  artifactKey: Guid(00000000000000001000000000000000) Importer(815301076,1909f56bfc062723c751e8b465ee728b)
Start importing Assets using Guid(00000000000000001000000000000000) Importer(815301076,1909f56bfc062723c751e8b465ee728b)  -> (artifact id: 'e4856052512617ee48189cf1d7999900') in 0.000852 seconds
  Import took 0.007215 seconds .

========================================================================
Received Import Request.
  Time since last request: 162.095511 seconds.
  path: Assets/unity-sdk-5.1.1
  artifactKey: Guid(20987d98403e64f709dbc13dd362b612) Importer(815301076,1909f56bfc062723c751e8b465ee728b)
Start importing Assets/unity-sdk-5.1.1 using Guid(20987d98403e64f709dbc13dd362b612) Importer(815301076,1909f56bfc062723c751e8b465ee728b)  -> (artifact id: '0909aa2396f4a5fc2717633ea8322ed4') in 0.002587 seconds
  Import took 0.033560 seconds .

========================================================================
Received Import Request.
  Time since last request: 0.000915 seconds.
  path: Assets/unity-sdk-5.1.1
  artifactKey: Guid(20987d98403e64f709dbc13dd362b612) Importer(815301076,1909f56bfc062723c751e8b465ee728b)
Start importing Assets/unity-sdk-5.1.1 using Guid(20987d98403e64f709dbc13dd362b612) Importer(815301076,1909f56bfc062723c751e8b465ee728b)  -> (artifact id: '0909aa2396f4a5fc2717633ea8322ed4') in 0.001784 seconds
  Import took 0.008272 seconds .

========================================================================
Received Import Request.
  Time since last request: 31.012998 seconds.
  path: Assets/unity-sdk-core-1.2.4
  artifactKey: Guid(b0a1a2557f70844989cffef3c9d3d74a) Importer(815301076,1909f56bfc062723c751e8b465ee728b)
Start importing Assets/unity-sdk-core-1.2.4 using Guid(b0a1a2557f70844989cffef3c9d3d74a) Importer(815301076,1909f56bfc062723c751e8b465ee728b)  -> (artifact id: 'f053e605f0e04f9e9669f0fa2e8e8953') in 0.001931 seconds
  Import took 0.006012 seconds .

========================================================================
Received Import Request.
  Time since last request: 6.807928 seconds.
  path: Assets/Watson
  artifactKey: Guid(20987d98403e64f709dbc13dd362b612) Importer(815301076,1909f56bfc062723c751e8b465ee728b)
Start importing Assets/Watson using Guid(20987d98403e64f709dbc13dd362b612) Importer(815301076,1909f56bfc062723c751e8b465ee728b)  -> (artifact id: 'b59202709957970a163e63cb9359b305') in 0.001114 seconds
  Import took 0.004909 seconds .

========================================================================
Received Import Request.
  Time since last request: 8.443912 seconds.
  path: Assets/IBMSdkCore
  artifactKey: Guid(b0a1a2557f70844989cffef3c9d3d74a) Importer(815301076,1909f56bfc062723c751e8b465ee728b)
Start importing Assets/IBMSdkCore using Guid(b0a1a2557f70844989cffef3c9d3d74a) Importer(815301076,1909f56bfc062723c751e8b465ee728b)  -> (artifact id: 'b104ee0937cb20afe472e0ec671e8a15') in 0.000985 seconds
  Import took 0.004297 seconds .

